********************************************************
Building schema RTO_ADMIN at 21:34 2021-03-20
Using scripts in C:\ROv57\OracleScripts
********************************************************
Functions: ADD_HOURS_TO_DATE

Function created.

Functions: ADD_MINUTES_TO_DATE

Function created.

Functions: ADD_SECONDS_TO_DATE

Function created.

Functions: ALIGN_DATE_BY_INTERVAL

Function created.

Functions: APP_SCHEMA_NAME

Function created.

Functions: AS_DAY

Function created.

Functions: DATE_IS_WITHIN_SEASON

Function created.

Functions: DECODE_DATE

Function created.

Functions: DST_TIME_ZONE

Function created.

Functions: ENCODE_DATE

Function created.

Functions: FIRST_DAY

Function created.

Functions: GET_INTERVAL_ABBREVIATION

Function created.

Functions: GET_PARALLEL_PARENT_SID

Function created.

Functions: GET_TABLE_FIELD_LENGTH

Function created.

Functions: HOLIDAY_OBSERVANCE_DAY

Function created.

Functions: IN_CANDIDATE_LIST

Function created.

Functions: MAKE_TAG

Function created.

Functions: MAX_DATA_LENGTH

Function created.

Functions: NEW_DATE

Function created.

Functions: OFF_PEAK_HOLIDAY

Function created.

Functions: SEASON_INTERSECTS_SEASON

Function created.

Functions: STD_TIME_ZONE

Function created.

Functions: TO_HED

Function created.

Functions: TO_HED_AS_DATE

Function created.

Functions: WEEK_DAYS_IN_RANGE

Function created.

Objects: ACCOUNT_CALENDAR_SYNC

Type created.


Type created.

Objects: ACCOUNT_EDC_SYNC

Type created.


Type created.

Objects: ACCOUNT_ESP_TYPE

Type created.


Type created.

Objects: ACCOUNT_ESP_SERVICE

Type created.


Type created.

Objects: ACCOUNT_IDENT

Type created.


Type created.

Objects: ACCOUNT_LOSS_FACTOR_SYNC

Type created.


Type created.

Objects: ACCOUNT_SERVICE

Type created.


Type created.

Objects: ACCOUNT_SYNC

Type created.


Type created.

Objects: ACCOUNT_USAGE

Type created.


Type created.

Objects: ACCOUNT_USG_FACTOR_SYNC

Type created.


Type created.

Objects: ADDRESS_RECORD

Type created.

Objects: AGG_RESULTS_TYPE

Type created.


Type created.

Objects: AGGREGATE_ACCOUNT_GROWTH

Type created.


Type created.

Objects: AGGREGATE_CUSTOMER

Type created.


Type created.

Objects: AGGREGATE_SERVICE_SYNC

Type created.


Type created.

Objects: ALLOCATION_CANDIDATE

Type created.


Type created.

Objects: ANCILLARY_SERVICE_SYNC

Type created.


Type created.

Objects: ANCILLARY_WORK

Type created.


Type created.

Objects: AREA_LOAD_SYNC

Type created.


Type created.

Objects: BID_OFFER_COMPOSITE

Type created.


Type created.

Objects: BID_OFFER_HOURS

Type created.


Type created.

Objects: BID_OFFER_RAMP

Type created.


Type created.

Objects: BID_OFFER_REASON

Type created.


Type created.

Objects: BID_OFFER_SET

Type created.


Type created.

Objects: BIG_STRING

Type created.


Type created.

Objects: BILLING_SUMMARY_RECORD

Type created.


Type created.

Objects: CAPACITY_RELEASE

Type created.


Type created.

Objects: CAPACITY_REPORT_TEMP

Type created.


Type created.

Objects: CAST

Type created.


Type created.

Objects: CAST_CONTEXT

Type created.

Objects: CHARGE_COMPONENT

Type created.


Type created.

Objects: CLOB_CHUNK

Type created.


Type created.

Objects: COLUMN

Type created.


Type body created.


Type created.

Objects: CONSUMPTION

Type created.


Type created.

Objects: CONTRACT_SCHEDULE

Type created.


Type created.

Objects: CUSTOMER_ATTRIBUTE

Type created.


Type created.

Objects: DATE_RANGE

Type created.


Type created.

Objects: DELIVERY_POSITION

Type created.


Type created.

Objects: DELIVERY_SCHEDULE

Type created.


Type created.

Objects: DETERMINANTs

Type created.


Type body created.


Type created.

Objects: DISPUTE_DETAIL

Type created.


Type created.

Objects: ENROLLMENT_SUMMARY

Type created.


Type created.

Objects: ENTITY_SELECTION_TYPE

Type created.


Type created.

Objects: ENTITY_SERVICE_LOCATION

Type created.


Type created.

Objects: ENTITY_SUBTAB_COLS_TYPE

Type created.


Type created.

Objects: ENTITY_XREF

Type created.


Type created.

Objects: ESP_SYNC

Type created.


Type created.

Objects: ETAG

Type created.


Type created.

Objects: EVENT

Type created.


Type created.

Objects: EXT_FORECAST_IDENT

Type created.


Type created.

Objects: EXT_FORECAST_SYNC

Type created.


Type created.

Objects: FORWARD

Type created.


Type created.

Objects: HOLIDAY_OBSERVANCE_SYNC

Type created.


Type created.

Objects: ID

Type created.


Type created.

Objects: ID_SET

Type created.


Type body created.

Objects: ID_SET_COLLECTION

Type created.

Objects: IDENT

Type created.


Type created.

Objects: IMBALANCE_POSITION

Type created.


Type created.

Objects: IMBALANCE_SCHEDULE

Type created.


Type created.

Objects: IMBALANCE_TRANSACTION

Type created.


Type created.

Objects: INVOICE_LINE_ITEM

Type created.


Type created.

Objects: INVOICE_LINE_ITEM_FORMAT

Type created.


Type created.

Objects: INVOICE_VALID_RECORD

Type created.


Type created.

Objects: LOAD_OBLIGATION

Type created.


Type created.

Objects: LOAD_RESULT_DATA

Type created.


Type created.

Objects: LOSS_FACTOR_PATTERN

Type created.


Type created.

Objects: LOSS_FACTOR_SYNC

Type created.


Type created.

Objects: METER_SERVICE

Type created.


Type created.

Objects: MEX_CERTIFICATE

Type created.


Type created.

Objects: MEX_COOKIE

Type created.


Type created.

Objects: PATH_FUEL

Type created.


Type created.

Objects: POSITION_ANALYSIS_LOAD

Type created.


Type created.

Objects: POSITION_DETAIL

Type created.


Type created.

Objects: PRICE_QUANTITY_SUMMARY

Type created.


Type created.

Objects: PRIMITIVE_COLLECTIONS

Type created.


Type created.


Type created.


Type created.


Type created.


Type created.


Type created.

Objects: PROFILE_POINT

Type created.


Type created.

Objects: PROJECTION

Type created.


Type created.

Objects: PROJECTION_PATTERN

Type created.


Type created.

Objects: PROVIDER_POSITION

Type created.


Type created.

Objects: RTO_WORK

Type created.


Type created.

Objects: RTO_WORK_BIG

Type created.


Type created.

Objects: SCHEDULE_COMPARE

Type created.


Type created.

Objects: SCHEDULE_STATE

Type created.


Type created.

Objects: SEASON_TEMPLATE_DEF

Type created.


Type created.

Objects: SERVICE_COMPONENT

Type created.


Type created.

Objects: SERVICE_CONSUMPTION

Type created.


Type created.

Objects: SERVICE_IDENT

Type created.


Type created.

Objects: SERVICE_MODEL

Type created.


Type created.

Objects: SERVICE_OBLIGATION_LOAD

Type created.


Type created.

Objects: SERVICE_PROFILE_INFO

Type created.


Type created.

Objects: SERVICE_STATEMENT

Type created.


Type created.

Objects: SERVICE_SYNC

Type created.


Type created.

Objects: SERVICE_USAGE

Type created.


Type created.

Objects: SERVICE_VALIDATION

Type created.


Type created.

Objects: STATION_PARAMETER

Type created.


Type created.

Objects: STATION_PARAMETER_SYNC

Type created.


Type created.

Objects: STORAGE_FUEL

Type created.


Type created.

Objects: STORAGE_SCHEDULE

Type created.


Type created.

Objects: STORED_PROC_PARAMETER_TYPE

Type created.


Type created.

Objects: STRING

Type created.


Type created.

Objects: SYSTEM_OBJECT_PRIVILEGE_INFO

Type created.


Type created.

Objects: TAX

Type created.


Type created.

Objects: TEMPLATE_PARAMETER

Type created.


Type created.

Objects: TIERED_RATE

Type created.


Type created.

Objects: TOU

Type created.


Type created.

Objects: USAGE

Type created.


Type created.

Objects: USAGE_ALLOCATION

Type created.


Type created.

Objects: WRF_OBSERVATION

Type created.


Type created.

Objects: WRF_SEASON_BREAKPOINT

Type created.


Type created.

Functions: GET_INTERVAL_NUMBER

Function created.

Packages: CONSTANTS

Package created.


Package body created.

Packages: EC

Package created.


Package body created.

Packages: MSGCODES

Package created.


Package body created.

Procedures: DECODE_TAG

Procedure created.

Procedures: ENCODE_TAG

Procedure created.

Procedures: GET_ENTITY

Procedure created.

Procedures: RECOMPILE_INVALID_OBJECTS

Procedure created.

Procedures: TRANSLATE_OLD_DICTIONARY_KEYS

Procedure created.

System: SEQUENCE

PL/SQL procedure successfully completed.

Functions: AS_HOUR_ENDING_DATE

Function created.

Functions: CURRENT_VERSION_DATE

Function created.

Functions: ENTITY_NAME_FROM_IDS

Function created.

Functions: ENTITY_NAME_FROM_ID_TABLE

Function created.

Functions: GET_DICTIONARY_VALUE

Function created.

Functions: HIGH_DATE

Function created.

Functions: HOLIDAY_DAY_TYPE

Function created.

Functions: INTERVAL_IS_ATLEAST_DAILY

Function created.

Functions: IS_PARALLEL_CHILD_SESSION

Function created.

Functions: LIST_REVOKES

Function created.

Functions: LOW_DATE

Function created.

Functions: NULL_DATE

Function created.

Functions: NUM_METER_ASSIGNMENTS

Function created.

Functions: NUM_SERVICE_LOC_ASSIGNMENTS

Function created.

Functions: PEAK_TYPE

Function created.

Functions: RETAIL_ACCOUNT_DISPLAY_NAME

Function created.

Functions: TEMPLATE_BEGIN_DATE

Function created.

Packages: GA_UTIL

Package created.

Packages: MEX_UTIL

Package created.

Packages: RX

Package created.


Package body created.

Packages: SECURITY_CONTROLS

Package created.

Procedures: GET_ACCOUNT_DISPLAY_NAME

Procedure created.

Procedures: NUM_DAY_TYPES_IN_MONTH

Procedure created.

Procedures: PUT_DICTIONARY_VALUE

Procedure created.

Procedures: REGISTER_USER

Procedure created.

Procedures: SET_SYSTEM_STATE

Procedure created.

System: SYNONYMS

PL/SQL procedure successfully completed.

System: VIEWS

View created.


View created.

Triggers: ACCOUNT_DISP_NAME_UPDATE

Trigger created.

Triggers: ACCOUNT_GROUP_DELETE

Trigger created.

Triggers: ACCOUNT_SERVICE_DELETE

Trigger created.

Triggers: ACCOUNT_TOU_USG_FACTOR_UPDATE

Trigger created.

Triggers: ACCOUNT_UPDATE

Trigger created.

Triggers: ACCOUNT_USAGE_FACTOR_UPDATE

Trigger created.

Triggers: ANCILLARY_SERVICE_DELETE

Trigger created.

Triggers: AREA_DELETE

Trigger created.

Triggers: ATTRIBUTE_VAL_UPDATE

Trigger created.

Triggers: BILL_CYCLE_DELETE

Trigger created.

Triggers: BILL_PARTY_DELETE

Trigger created.

Triggers: BREAKPOINT_DELETE

Trigger created.

Triggers: CALCULATION_RUN_STEP_DELETE

Trigger created.

Triggers: CALENDAR_PROJECTION_DELETE

Trigger created.

Triggers: COMBINATION_CHARGE_DELETE

Trigger created.


Trigger created.

Triggers: COMPONENT_DELETE

Trigger created.

Triggers: COMPONENT_IMBALANCE_DELETE

Trigger created.

Triggers: COMPONENT_UPDATE

Trigger created.

Triggers: CONTRACT_LIMIT_DELETE

Trigger created.

Triggers: CONTROL_AREA_DELETE

Trigger created.

Triggers: CUSTOMER_DELETE

Trigger created.

Triggers: EDC_DELETE

Trigger created.

Triggers: EMAIL_LOG_DELETE

Trigger created.

Triggers: ENTITY_ATTRIBUTE_DELETE

Trigger created.

Triggers: ENTITY_GROUP_UPDATE

Trigger created.

Triggers: ESP_DELETE

Trigger created.

Triggers: HOLIDAY_DELETE

Trigger created.

Triggers: HOLIDAY_OBSERVANCE_CHANGE

Trigger created.

Triggers: HOLIDAY_SCHEDULE_CHANGE

Trigger created.

Triggers: IMBALANCE_CHARGE_DELETE

Trigger created.

Triggers: INTERCHANGE_CONTRACT_DELETE

Trigger created.

Triggers: INVOICE_DELETE

Trigger created.

Triggers: IT_COMMODITY_DELETE

Trigger created.

Triggers: LOAD_FORECAST_SCENARIO_DELETE

Trigger created.

Triggers: LOAD_PROFILE_DELETE

Trigger created.

Triggers: LOAD_PROFILE_LIBRARY_DELETE

Trigger created.

Triggers: LOAD_PROFILE_SET_DELETE

Trigger created.

Triggers: LOAD_PROFILE_WRF_DELETE

Trigger created.

Triggers: LOSS_FACTOR_MODEL_UPDATE

Trigger created.

Triggers: LOSS_FACTOR_PATTERN_UPDATE

Trigger created.

Triggers: METER_DELETE

Trigger created.

Triggers: METER_USAGE_FACTOR_UPDATE

Trigger created.

Triggers: METER_TOU_USG_FACTOR_UPDATE

Trigger created.

Triggers: MRSP_DELETE

Trigger created.

Triggers: POOL_DELETE

Trigger created.

Triggers: PORTFOLIO_DELETE

Trigger created.

Triggers: POSITION_ANALYSIS_EVAL_DELETE

Trigger created.

Triggers: POSITION_ANALYSIS_PART_DELETE

Trigger created.

Triggers: PRODUCT_DELETE

Trigger created.

Triggers: PROSPECT_DELETE

Trigger created.

Triggers: PROSPECT_SCREEN_DELETE

Trigger created.

Triggers: PROSPECT_UPDATE

Trigger created.

Triggers: PROVIDER_SERVICE_DELETE

Trigger created.

Triggers: PSE_DELETE

Trigger created.

Triggers: QUOTE_CALENDAR_PRODUCT_DELETE

Trigger created.

Triggers: QUOTE_COMPONENT_DELETE

Trigger created.

Triggers: QUOTE_REQUEST_DELETE

Trigger created.

Triggers: RESOURCE_DELETE

Trigger created.

Triggers: RESOURCE_GROUP_DELETE

Trigger created.

Triggers: RTO_ROLLUP_INSERT

Trigger created.

Triggers: SCHEDULE_COORDINATOR_DELETE

Trigger created.

Packages: GA

Package created.

Packages: UT

Package created.

Packages: LOGS

Package created.

Packages: ERRS

Package created.

Triggers: SEASON_TEMPLATE_UPDATE

Trigger created.

Triggers: SERVICE_CONTRACT_DELETE

Trigger created.

Triggers: SERVICE_DELETE

Trigger created.

Triggers: SERVICE_LOCATION_DELETE

Trigger created.

Triggers: SERVICE_OBLIGATION_DELETE

Trigger created.

Triggers: SERVICE_POINT_DELETE

Trigger created.

Triggers: SERVICE_REGION_DELETE

Trigger created.

Triggers: SERVICE_TYPE_DELETE

Trigger created.

Triggers: STATION_PARAMETER_VALUE_INSERT

Trigger created.

Triggers: SYSTEM_LOAD_DELETE

Trigger created.

Triggers: SYSTEM_OBJECT_DELETE

Trigger created.


Trigger created.

Triggers: SYSTEM_OBJECT_UPDATE

Trigger created.

Triggers: TRANSMISSION_PROVIDER_DELETE

Trigger created.

Triggers: TX_PATH_DELETE

Trigger created.

Triggers: TX_SEGMENT_DELETE

Trigger created.

Triggers: WEATHER_PARAMETER_DELETE

Trigger created.

Triggers: WEATHER_STATION_DELETE

Trigger created.

Triggers: ZAU_ALTER_OBJECT_TRIGGER

Trigger created.

Views: ACCOUNT_ANCILLARY_SERVICE_INFO

View created.

Views: ACCOUNT_CALENDAR_INFO

View created.

Views: ACCOUNT_EDC_INFO

View created.

Views: ACCOUNT_ENROLLMENT_TREE

View created.

Views: ACCOUNT_ESP_INFO

View created.

Views: ACCOUNT_GROUP_INFO

View created.

Views: ACCOUNT_LOSS_FACTOR_INFO

View created.

Views: ACCOUNT_METER_LOAD_PROFILE

View created.

Views: ACCOUNT_PRODUCT_INFO

View created.

Views: ACCOUNT_SCHEDULE_GROUP_INFO

View created.

Views: ACCOUNT_SERVICE_LOCATION_INFO

View created.

Views: ACCOUNT_SERVICE_PROVIDER

View created.


View created.

Views: ACCOUNT_WEATHER_STATION_ID

View created.

Views: ADDRESS_INFO

View created.

Views: AGGREGATE_ACCOUNTS

View created.

Views: AGGREGATE_ACCOUNT_ESP_ALL

View created.

Views: AGGREGATE_ACCOUNT_ESP_INFO

View created.

Views: ATTRIBUTE_INFO

View created.

Views: BACKGROUND_JOBS

View created.

Views: BID_OFFER_VIEWS

View created.


View created.


View created.


View created.


View created.


View created.


View created.


View created.


View created.


View created.


View created.


View created.

Views: CALENDAR_PROFILE_INFO

View created.

Views: CALENDAR_PROFILE_LIBRARY_INFO

View created.

Views: COMPONENT_ATTRIBUTE_INFO

View created.

Views: COMPONENT_BLOCK_COMPOSITE_INFO

View created.

Views: COMPONENT_BLOCK_RATE_INFO

View created.

Views: COMPONENT_COINCIDENT_PEAK_INFO

View created.

Views: COMPONENT_IMBALANCE_INFO

View created.

Views: COMPONENT_TOU_RATE_INFO

View created.

Views: CONSTRAINT_POINT_V

View created.

Views: CONTACT_AND_PHONE_INFO

View created.

Views: CONTACT_INFO

View created.

Views: DELIVERY

View created.

Views: DER_SEGMENT_DATA.sql

View created.

Views: DER_SEGMENT_FORECAST_DATA.sql

View created.

Views: DISTINCT_CITY

View created.

Views: DISTINCT_COUNTRY_CODE

View created.

Views: DISTINCT_POSTAL_CODE

View created.

Views: DISTINCT_PROSPECT_OFFERS

View created.

Views: DISTINCT_STATE_CODE

View created.

Views: DOMAIN_VIEWS

View created.


View created.


View created.


View created.


View created.


View created.


View created.


View created.


View created.


View created.


View created.


View created.


View created.


View created.


View created.


View created.


View created.


View created.


View created.


View created.


View created.


View created.


View created.


View created.


View created.


View created.


View created.


View created.


View created.


View created.


View created.


View created.


View created.


View created.


View created.


View created.


View created.


View created.


View created.


View created.


View created.


View created.


View created.


View created.


View created.


View created.


View created.


View created.


View created.


View created.


View created.


View created.


View created.


View created.


View created.


View created.


View created.


View created.


View created.


View created.


View created.


View created.


View created.


View created.


View created.


View created.


View created.


View created.


View created.


View created.


View created.


View created.


View created.


View created.


View created.


View created.


View created.


View created.


View created.


View created.


View created.


View created.


View created.


View created.


View created.


View created.


View created.


View created.


View created.


View created.


View created.


View created.


View created.


View created.

Views: DR_EVENT_PROG_SZ

View created.

Views: EDC_LOSS_FACTOR_INFO

View created.

Views: ENTITY_DOMAIN_PROPERTY

View created.

Views: ENTITY_VIEWS

View created.


View created.


View created.


View created.


View created.


View created.


View created.


View created.


View created.


View created.


View created.


View created.


View created.


View created.


View created.


View created.


View created.


View created.


View created.


View created.


View created.


View created.


View created.


View created.


View created.


View created.


View created.


View created.


View created.


View created.


View created.


View created.


View created.


View created.


View created.


View created.


View created.


View created.


View created.


View created.


View created.


View created.


View created.


View created.


View created.


View created.


View created.


View created.


View created.


View created.


View created.


View created.


View created.


View created.


View created.


View created.


View created.


View created.


View created.


View created.


View created.


View created.


View created.


View created.


View created.


View created.


View created.


View created.


View created.


View created.


View created.


View created.


View created.


View created.


View created.


View created.


View created.


View created.


View created.


View created.


View created.


View created.


View created.


View created.


View created.


View created.


View created.


View created.


View created.


View created.


View created.


View created.


View created.


View created.

Views: ESP_POOL_INFO

View created.

Views: EXPORT_FORECAST_CIN_GENCO

View created.

Views: EXPORT_FORECAST_PECO

View created.

Views: EXPORT_FORECAST_PPL

View created.

Views: EXPORT_FORMATS_AND_DELIMITERS

View created.

Views: EXPORT_TRANSACTION_MEC

View created.

Views: EXTERNAL_METER_ENTITY

View created.

Views: HOLIDAY_INFO

View created.

Views: INTERCHANGE_TRANSACTION_TREE

View created.

Views: INTERCHANGE_TRANSACTION_TYPES

View created.

Views: LOAD_PROFILE_INFO

View created.

Views: LOAD_PROFILE_LIBRARY_STATS

View created.

Views: LOAD_PROFILE_LIB_STATS_BY_S

View created.

Views: LOAD_PROFILE_RETAIL_ACCOUNT

View created.

Views: LOAD_PROFILE_RETAIL_ACT_WRF

View created.

Views: LOAD_PROFILE_WEATHER_STATION

View created.

Views: LOAD_PROFILE_WRF_COR

View created.

Views: MARKET_PRICE_AS_OF_VALUE

View created.

Views: METER_ANCILLARY_SERVICE_INFO

View created.

Views: METER_CALENDAR_INFO

View created.

Views: METER_LOSS_FACTOR_INFO

View created.

Views: METER_PRODUCT_INFO

View created.

Views: METER_SCHEDULE_GROUP_INFO

View created.

Views: OVERVIEW_INFO

View created.

Views: PHYSICAL_POSITION

View created.

Views: PHYSICAL_POSITION_EDC

View created.

Views: PHYSICAL_POSITION_POD

View created.

Views: PHYSICAL_POSITION_POR

View created.

Views: PHYSICAL_POSITION_PURCHASER

View created.

Views: PHYSICAL_POSITION_SELLER

View created.

Views: PHYSICAL_POSITION_TP

View created.

Views: PRODUCT_COMPONENT_INFO

View created.

Views: PSE_BILLING_ROLLUP

View created.

Views: PSE_ESP_INFO

View created.

Views: PSE_INVOICE_MISC

View created.

Views: SERVICE_LOCATION_METER_INFO

View created.

Views: SERVICE_LOCATION_MRSP_INFO

View created.

Views: STATION_PARAMETER_COMPOSITE

View created.

Views: STATION_PARAMETER_VALUES

View created.

Views: SYSTEM_LOAD_AGGREGATE

View created.

Views: TEMPLATE_ASSIGNED_PERIODS

View created.

Views: TP_CONTRACT_NUMBER_INFO

View created.

Views: TRACE

View created.

Views: TRANSACTION_COMMODITY_SCHEDULE

View created.

Views: TX_TRANSACTION_ENTITY

View created.

Views: TYPICAL_DAY_LIBRARIES

View created.

Views: WEATHER_RESPONSE_FUNCTION

View created.

Functions: CORRECTED_AS_OF_DATE

Function created.

Functions: GET_DATA_INTERVAL_TYPE

Function created.

Functions: GET_INTERVAL_FROM_NUMBER

Function created.

Functions: GET_PERIOD_DATE

Function created.

Functions: IT_STATUS_AS_OF_DATE

Function created.

Functions: MODEL_VALUE_AT_KEY

Function created.

Functions: START_BACKGROUND_JOB

Function created.

Functions: VALUE_AT_KEY

Function created.

Functions: VALUE_AT_KEY_3

Function created.

Packages: GA-body

Package body created.

Procedures: BEGIN_END_START_STOP_RANGE

Procedure created.

Procedures: GET_DICTIONARY_SETTING_VALUE

Procedure created.

Procedures: PUT_MODEL_VALUE_AT_KEY

Procedure created.

Procedures: PUT_VALUE_AT_KEY

Procedure created.

Procedures: PUT_VALUE_AT_KEY_3

Procedure created.

Triggers: INTERCHANGE_TRANSACTION_INSERT

Trigger created.

Triggers: SERVICE_LOCATION_METER_UPDATE

Trigger created.

Triggers: SYSTEM_ACTION_UPDATE

Trigger created.

Triggers: ZLK_BILLING_STATEMENT

Trigger created.

Triggers: ZLK_CALCULATION_RUN

Trigger created.

Triggers: ZLK_IT_SCHEDULE

Trigger created.

Triggers: ZLK_IT_TRAIT_SCHEDULE

Trigger created.

Triggers: ZLK_MARKET_PRICE_VALUE

Trigger created.

Triggers: ZLK_MEASUREMENT_SOURCE_VALUE

Trigger created.

Triggers: ZLK_TX_SUB_STATION_MTR_PT_VAL

Trigger created.

Views: ACCOUNT_MODEL_METER_TREE

View created.

Views: ACCOUNT_SERVICE_LOCATION_EDC

View created.

Views: ACCOUNT_SERVICE_LOCATION_ESP

View created.

Views: ACCOUNT_SL_EDC_ESP

View created.

Views: CONTRACT_ACCOUNT_SERVICE

View created.

Views: EXPORT_TRANSACTION_PJM

View created.

Views: EXTERNAL_ACCOUNT_ENTITY

View created.

Views: MONITOR_ACCOUNT_ENTITY

View created.

Views: NON_AGGREGATE_ACCOUNTS

View created.

Views: POOL_AND_POOL_SUB_POOL

View created.

Views: RETAIL_ACCOUNT_EDC_INFO

View created.

Views: RETAIL_ACCOUNT_ESP_INFO

View created.

Views: UNASSIGNED_METER_INFO

View created.

Views: UNASSIGNED_SERVICE_LOC_INFO

View created.

Views: ACCOUNT_STATUS_CSB

View created.

Views: ACCOUNT_ESP_CSB

View created.

Functions: AGGREGATE_ACCOUNT_AS_OF_DATE

Function created.

Functions: AREA_LOAD_AS_OF_DATE

Function created.

Functions: CUT_TIME_ZONE

Function created.

Functions: DST_FALL_BACK_DATE

Function created.

Functions: DST_SPRING_AHEAD_DATE

Function created.

Functions: EDC_IMBALANCE_AS_OF_DATE

Function created.

Functions: INVOICE_AS_OF_DATE

Function created.

Functions: IS_DAY_INTERVAL_OF_TYPE

Function created.

Functions: IS_HOLIDAY

Function created.

Functions: IS_HOLIDAY_FOR_SET

Function created.

Functions: LOCAL_TIME_ZONE

Function created.

Functions: MARKET_PRICE_AS_OF_DATE

Function created.

Functions: PROFILE_POINT_AS_OF_DATE

Function created.

Functions: PROFILE_STATISTICS_AS_OF_DATE

Function created.

Functions: PROFILE_WRF_AS_OF_DATE

Function created.

Functions: SCHEDULE_AS_OF_DATE

Function created.

Functions: SHADOW_SETTLEMENT_AS_OF_DATE

Function created.

Functions: STATEMENT_AS_OF_DATE

Function created.

Packages: CD

Package created.


Package body created.

Packages: DATA_IMPORT

Package created.

Packages: EM

Package created.

Packages: ENTITY_LIST

Package created.


Package body created.

Procedures: GET_MODEL_VALUE_AT_KEY

Procedure created.

Procedures: GET_VALUE_AT_KEY

Procedure created.

Procedures: GET_VALUE_AT_KEY_3

Procedure created.

Triggers: ACCOUNT_EDC_DELETE

Trigger created.

Triggers: ACCOUNT_EDC_UPDATE

Trigger created.

Triggers: ACCOUNT_ESP_DELETE

Trigger created.

Triggers: ACCOUNT_ESP_UPDATE

Trigger created.

Triggers: ACCOUNT_SERVICE_LOC_DELETE

Trigger created.

Triggers: ACCOUNT_SERVICE_LOC_UPDATE

Trigger created.

Triggers: AGGREGATE_ACCOUNT_ESP_DELETE

Trigger created.

Triggers: AGGREGATE_ACCOUNT_ESP_UPDATE

Trigger created.

Triggers: AGGREGATE_ACCOUNT_SVC_UPDATE

Trigger created.

Triggers: AGGREGATE_ANCILARY_SVC_UPDATE

Trigger created.

Triggers: AREA_LOAD_UPDATE

Trigger created.

Triggers: BILLING_STATEMENT_UPDATE

Trigger created.

Triggers: CALENDAR_ADJUSTMENT_POST

Trigger created.

Triggers: CUSTOMER_CONSUMPTION_UPDATE

Trigger created.

Triggers: EDC_SYSTEM_UFE_LOAD_UPDATE

Trigger created.

Triggers: INVOICE_UPDATE

Trigger created.

Triggers: IT_SCHEDULE_UPDATE

Trigger created.

Triggers: IT_SCHEDULE_UPDATE_TXN_DATE

Warning: Trigger created with compilation errors.

Triggers: LOAD_PROFILE_POINT_UPDATE

Trigger created.

Triggers: LOAD_PROFILE_STATISTICS_UPDATE

Trigger created.

Triggers: LOAD_PROFILE_WRF_UPDATE

Trigger created.

Triggers: MARKET_PRICE_VALUE_UPDATE

Trigger created.

Triggers: SERVICE_CONSUMPTION_UPDATE

Trigger created.

Functions: DATE_DAY_NAME

Function created.

Functions: DECODE_TIME_ZONE

Function created.

Functions: FROM_CUT

Warning: Function created with compilation errors.

Functions: IS_IN_DST_TIME_PERIOD

Function created.

Functions: IS_IN_DST_TIME_PERIOD_CHAR

Function created.

Functions: TIME_PERIOD_FOR_DATE

Function created.

Objects: MEX_CREDENTIALS

Type created.


Type body created.


Type created.

Packages: DATE_UTIL

Package created.

Packages: GA_UTIL-body

Package body created.

Packages: EI

Package created.


Package body created.

Packages: MM

Package created.


Package body created.

Packages: SD

Package created.

Packages: WS_CSV_IMPORT

Package created.


Package body created.

Procedures: DAYLIGHT_SAVINGS_TIME

Procedure created.

Procedures: GET_CUT_TIME_ZONE

Procedure created.

Triggers: IT_SEGMENT_UPDATE

Trigger created.


Trigger created.

Triggers: SERVICE_STATE_DELETE

Trigger created.

Functions: ADVANCE_DATE

Function created.

Functions: CAN_DELETE

Function created.

Functions: CAN_READ

Function created.

Functions: CAN_WRITE

Function created.

Functions: CUT_DATE_BETWEEN

Warning: Function created with compilation errors.

Functions: FROM_CUT_AS_HED

Warning: Function created with compilation errors.

Functions: FROM_GMT

Warning: Function created with compilation errors.

Functions: TIME_ZONE_FOR_DAY

Function created.

Functions: RO_TZ_OFFSET

Function created.

Functions: TO_CUT

Function created.

Functions: TO_CUT_WITH_OPTIONS

Function created.

Packages: EN

Package created.


Package body created.

Packages: FML_UTIL

Package created.


Package body created.

Packages: IO_UTIL

Package created.


Package body created.

Packages: SCHEDULE_MANAGEMENT_SYNC

Package created.


Package body created.

Procedures: POST_TO_APP_EVENT_LOG

Procedure created.

Triggers: IT_TRAIT_SCHEDULE_UPDATE

Trigger created.

Functions: BEGIN_CUT_DAY_INTERVAL

Function created.

Functions: BEGIN_HOUR_ENDING_CUT_DAY

Function created.

Functions: DATE_FROM_CUT_AS_HED

Function created.

Functions: END_CUT_DAY_INTERVAL

Function created.

Functions: END_HOUR_ENDING_CUT_DAY

Function created.

Functions: FROM_GMT_AS_HED

Function created.

Functions: FROM_HED

Function created.

Functions: GET_SYSTEM_STATE

Function created.


Function created.


Function created.

Functions: HAS_ACCESS_CHAR

Function created.

Functions: SYSDATE_AS_CUT

Function created.

Functions: TIME_FROM_CUT_AS_HED

Function created.

Functions: TO_GMT

Function created.

Procedures: ASSERT

Procedure created.

Packages: SP

Package created.

Packages: CA

Package created.


Package body created.

Packages: CR

Package created.


Package body created.

Packages: CS

Package created.

Packages: CU

Package created.

Packages: CX

Package created.

Packages: CS-body

Package body created.

Packages: CU-body

Package body created.

Packages: CX-body

Warning: Package Body created with compilation errors.

Packages: ML

Package created.


Package body created.

Packages: MUTEX

Package created.


Package body created.

Packages: PARSE_UTIL

Package created.


Package body created.

Packages: PM

Package created.


Package body created.

Packages: SCHEDULE_MANAGEMENT_REACTOR

Package created.


Package body created.

Packages: SECURITY_INFO

Package created.


Package body created.

Packages: ST

Package created.


Package body created.

Procedures: GET_ADMIN_ACCESS_CODE

Procedure created.

Procedures: POST_APP_EVENT

Procedure created.

Procedures: SESSION_END

Procedure created.

Procedures: SESSION_START

Procedure created.

Triggers: BILLING_CHARGE_DISPUTE_UPDATE

Trigger created.

Triggers: BILLING_STATEMENT_BEFORE

Trigger created.

Triggers: CALENDAR_DELETE

Trigger created.

Triggers: INVOICE_BEFORE

Trigger created.

Triggers: INVOICE_LINE_ITEM_BEFORE

Trigger created.

Triggers: INVOICE_LINE_ITEM_UPDATE

Trigger created.

Triggers: INVOICE_USER_LINE_ITEM_BEFORE

Trigger created.

Triggers: INVOICE_USER_LINE_ITEM_UPDATE

Trigger created.

Triggers: PERIOD_DELETE

Trigger created.

Triggers: PRODUCT_COMPONENT_UPDATE

Trigger created.

Triggers: PRODUCT_UPDATE

Trigger created.

Triggers: REALM_TRIGGERS

Trigger created.


Trigger created.


Trigger created.


Trigger created.


Trigger created.


Trigger created.


Trigger created.


Trigger created.


Trigger created.


Trigger created.


Trigger created.


Trigger created.


Trigger created.


Trigger created.


Trigger created.


Trigger created.


Trigger created.


Trigger created.


Trigger created.


Trigger created.


Trigger created.


Trigger created.


Trigger created.


Trigger created.


Trigger created.


Trigger created.


Trigger created.


Trigger created.


Trigger created.


Trigger created.


Trigger created.


Trigger created.


Trigger created.


Trigger created.


Trigger created.


Trigger created.


Trigger created.


Trigger created.


Trigger created.


Trigger created.


Trigger created.


Trigger created.


Trigger created.


Trigger created.


Trigger created.


Trigger created.


Trigger created.


Trigger created.


Trigger created.


Trigger created.


Trigger created.


Trigger created.


Trigger created.


Trigger created.


Trigger created.


Trigger created.


Trigger created.


Trigger created.


Trigger created.


Trigger created.


Trigger created.


Trigger created.


Trigger created.


Trigger created.


Trigger created.


Trigger created.


Trigger created.


Trigger created.


Trigger created.


Trigger created.


Trigger created.


Trigger created.


Trigger created.


Trigger created.


Trigger created.


Trigger created.


Trigger created.


Trigger created.


Trigger created.


Trigger created.


Trigger created.


Trigger created.


Trigger created.


Trigger created.


Trigger created.


Trigger created.


Trigger created.


Trigger created.

Triggers: SEASON_UPDATE

Trigger created.

Triggers: SYSTEM_OBJECT_ATTRIBUTE_UPDATE

Trigger created.

Triggers: SYSTEM_OBJECT_ATTRIB_UPDATE2

Trigger created.

Triggers: TEMPLATE_DELETE

Trigger created.

Triggers: TEMPLATE_UPDATE

Trigger created.

Triggers: TEMPORAL_ENT_ATTRIBUTE_UPDATE

Trigger created.

Triggers: VERSION_DELETE

Trigger created.

Functions: BEGIN_HOUR_ENDING_GMT_DAY

Function created.

Functions: DATE_TIME_AS_CUT

Function created.

Functions: END_HOUR_ENDING_GMT_DAY

Function created.

Functions: LIST_EXECUTE_GRANTS

Function created.

Functions: LIST_OBJECT_GRANTS

Function created.

Objects: MEX_RESULT

Type created.


Type body created.

Packages: CALC_UTIL

Package created.


Package body created.

Packages: PLOG

Package created.


Package body created.

Packages: SA

Package created.


Warning: Package Body created with compilation errors.

Packages: SO

Package created.


Package body created.

Packages: TEXT_UTIL

Package created.


Package body created.

Packages: DEMAND_RESPONSE_UTIL

Package created.


Warning: Package Body created with compilation errors.

Triggers: DR_EVENT_UPDATE

Trigger created.

Triggers: NEA_EMO_LOGOFF_TRIGGER

Trigger created.

Triggers: NEA_EMO_LOGON_TRIGGER

Trigger created.

Objects: MEX_LOGGER

Type created.


Type body created.

Packages: DE

Package created.


Package body created.

Packages: ENTITY_UTIL

Package created.


Package body created.

Packages: FF

Package created.


Package body created.

Packages: IO

Package created.


Package body created.

Packages: LOG_REPORTS

Package created.

Packages: JOBS

Package created.


Package body created.

Packages: SECURITY_CONTROLS-body

Package body created.

Packages: WS_TEST

Package created.


Package body created.

Procedures: IS_CURRENT_USER_VALID

Procedure created.

Procedures: PERFORM_GRANTS

Procedure created.

Objects: MM_LOGGER_ADAPTER

Type created.

Packages: EM_GET

Package created.


Package body created.

Packages: GUI_UTIL

Package created.


Package body created.

Packages: ID

Package created.


Package body created.

Packages: REACTOR

Package created.


Package body created.

Packages: SD-body

Package body created.

Packages: SO_IMPORT_EXPORT

Package created.


Package body created.

Packages: UT-body

Package body created.

Objects: MM_CREDENTIALS_SET

Type created.


Type body created.

Packages: MS

Package created.

Packages: ACCOUNTS_METERS

Package created.

Packages: ACCOUNT_AGGREGATION

Package created.

Packages: ACCOUNTS_METERS-body

Package body created.

Packages: ACCOUNT_AGGREGATION-body

Package body created.

Packages: AUDIT_TRAIL

Package created.


Package body created.

Packages: SP-body

Package body created.

Packages: FS

Package created.

Packages: RS

Package created.

Packages: QC

Package created.

Packages: DX

Package created.

Packages: LOAD_MANAGEMENT_UI

Package created.


Warning: Package Body created with compilation errors.

Packages: XS

Package created.


Package body created.

Packages: AN

Package created.


Package body created.

Packages: DATA_LOCK

Package created.


Package body created.

Packages: EMAIL_LOG_UI

Package created.


Package body created.

Packages: FW

Package created.


Package body created.

Packages: LOG_REPORTS-body

Package created.


Package body created.

Packages: LOSS_FACTOR_UI

Package created.


Package body created.

Packages: MEX_Switchboard

Package created.


Package body created.

Packages: PR

Package created.


Package body created.

Packages: QC-body

Package body created.

Packages: RA

Package created.


Package body created.

Packages: TG

Package created.


Package body created.

Packages: WR

Package created.


Package body created.

Procedures: CHECK_COMPATIBILITY_WARNING

Procedure created.

Triggers: SRVCE_LOC_AGGRGTN_SYNC_ROW

Trigger created.

Triggers: SRVCE_LOC_AGGRGTN_SYNC_STATMNT

Trigger created.

Triggers: TX_FEEDER_SEGMENT_SL_SYNC

Trigger created.

Triggers: TX_FEEDER_SL_SYNC

Trigger created.

Triggers: TX_SUB_STATION_SL_SYNC

Trigger created.

Triggers: DER_AUTO_ENROLL_ROW

Trigger created.

Triggers: DER_AUTO_ENROLL_STATEMENT

Trigger created.

Triggers: DER_PROGRAM_UPDATE

Trigger created.

Triggers: SRVCE_LOC_PROGRAM_DELETE

Trigger created.

Triggers: SRVCE_LOC_PROGRAM_UPDATE

Trigger created.

Packages: BSJ

Package created.

Jobs: JOB_PROGRAMS

Package created.


Package body created.

Objects: MM_LOGGER_ADAPTER-body

Type body created.

Packages: MESSAGES

Package created.


Package body created.

Packages: MESSAGES_UI

Package created.


Package body created.

Packages: ALERTS

Package created.


Package body created.

Packages: BO

Package created.


Package body created.

Packages: DATA_LOCK_UI

Package created.


Package body created.

Packages: DATE_UTIL-body

Package body created.

Packages: EX

Package created.


Package body created.

Packages: FP

Package created.


Package body created.

Packages: MEX_UTIL-body

Package body created.

Packages: QI

Package created.


Package body created.

Packages: REACTOR_UI

Package created.


Package body created.

Packages: RO

Package created.


Package body created.

Packages: ALERTS_REPORTS

Package created.


Package body created.

Packages: CALC_ENGINE

Package created.


Package body created.

Packages: ERRS-body

Package body created.

Packages: FL

Package created.


Package body created.

Packages: ITJ

Package created.


Package body created.

Packages: LOGS_IMPL

Package created.


Package body created.

Packages: LOGS-body

Package body created.

Packages: RS-body

Package body created.

Packages: CALC_ENGINE_UI

Package created.


Package body created.

Packages: FS-body

Package body created.

Packages: IA

Package created.


Package body created.

Packages: DER_CAPACITY_ENGINE

Package created.


Package body created.

Packages: GDJ

Package created.


Package body created.

Packages: LB

Package created.


Package body created.

Packages: PF

Package created.


Warning: Package Body created with compilation errors.

Packages: QM

Package created.


Package body created.

Triggers: AREA_LOAD_PROJECTION_UPDATE

Trigger created.

Triggers: STATION_PARM_PROJECTION_UPDATE

Trigger created.

Packages: DEMAND_RESPONSE

Package created.


Package body created.

Packages: DX-body

Package body created.

Packages: MS-body

Package body created.

Packages: PC

Package created.


Package body created.

Packages: PI

Package created.


Package body created.

Packages: TM

Package created.


Package body created.

Packages: WRF_UI

Package created.


Warning: Package Body created with compilation errors.

Packages: CRYSTAL_REPORTS

Package created.


Package body created.

Packages: BSJ-body

Package body created.

Packages: ACCOUNT_IMPORT.sql

Package created.


Package body created.

Packages: ACCOUNT_SYNC

Package created.


Package body created.

Packages: DATA_SYNC

Package created.


Package body created.

Packages: DATA_IMPORT-body

Warning: Package Body created with compilation errors.

Packages: DEMAND_RESPONSE_UI

Package created.


Package body created.

Packages: WS_RO_DER_EVENTS

Package created.


Package body created.

Packages: WS_TIME_SERIES_IMPORT

Package created.


Package body created.

Triggers: BILLING_STATEMENT_DELETE

Trigger created.

Functions: GET_VERSION

Function created.

Packages: LOG_UTIL

Package created.


Package body created.

Packages: POPULATE_SYSTEM_DATE_TIME

Package created.

Packages: EM-body

Package body created.

Packages: PROGRAM_BILLING

Package created.


Package body created.

Packages: PROGRAM_BILLING_UI

Package created.


Package body created.

Packages: POPULATE_SYSTEM_DATE_TIME-body

Package body created.

Objects: PRICING_RESULT

Type created.


Type body created.


Type created.

Objects: MAP_ENTRY

Type created.


Type created.

Objects: DETERMINANT_ACCESSOR

Type created.

Objects: ACCOUNT_DETERMINANT_ACCESSOR

Type created.

Objects: POD_DETERMINANT_ACCESSOR

Type created.

Objects: FORMULA_DETERMINANT_ACCESSOR

Type created.

Objects: TAX_DETERMINANT_ACCESSOR.sql

Type created.


Type body created.

Packages: RETAIL_DETERMINANTS

Package created.


Package body created.

Packages: RETAIL_PRICING

Package created.


Package body created.

Objects: DETERMINANT_ACCESSOR-body

Type body created.

Objects: ACCOUNT_DETERMINANT_ACCESSOR-body

Type body created.

Objects: POD_DETERMINANT_ACCESSOR-body

Type body created.

Objects: FORMULA_DETERMINANT_ACCESSOR-body

Type body created.

Packages: RETAIL_SETTLEMENT_UI

Package created.


Warning: Package Body created with compilation errors.

Packages: RETAIL_SETTLEMENT

Package created.


Package body created.

Packages: ROML_EXPORT

Package created.


Package body created.

Packages: ROML_IMPORT

Package created.


Package body created.

Packages: ROML_UI

Package created.


Package body created.

Packages: LI

Package created.


Package body created.

Packages: LOAD_SEGMENTATION_UI

Package created.


Package body created.

Package: CSB

Package created.


Package body created.

Package: BENCHMARK_ENERGY

Package created.


Package body created.

Packages: MDM

Package created.


Package body created.

Objects: TIME_SERIES_TYPE

Type created.

Objects: TRANSPOSED_VALUES_TYPE

Type created.

Objects: GET_TRANSPOSED_VALUES_OBJ

Type created.


Type body created.

Functions: GET_TRANSPOSED_VALUES

Function created.


PL/SQL procedure successfully completed.


PL/SQL procedure successfully completed.


PL/SQL procedure successfully completed.


PL/SQL procedure successfully completed.


Commit complete.


Table truncated.


1 row created.


1 row created.


1 row created.


1 row created.


1 row created.


1 row created.


1 row created.


1 row created.


1 row created.


1 row created.


1 row created.


1 row created.


1 row created.


1 row created.


1 row created.


1 row created.


1 row created.


1 row created.


1 row created.


1 row created.


1 row created.


1 row created.


1 row created.


1 row created.


1 row created.


1 row created.


1 row created.


1 row created.


1 row created.


1 row created.


1 row created.


1 row created.


1 row created.


1 row created.


1 row created.


1 row created.


1 row created.


1 row created.


1 row created.


1 row created.


1 row created.


1 row created.


1 row created.


1 row created.


1 row created.


1 row created.


1 row created.


1 row created.


1 row created.


1 row created.


1 row created.


1 row created.


1 row created.


1 row created.


1 row created.


1 row created.


1 row created.


1 row created.


1 row created.


1 row created.


1 row created.


1 row created.


1 row created.


1 row created.


1 row created.


1 row created.


1 row created.


1 row created.


1 row created.


1 row created.


1 row created.


1 row created.


1 row created.


1 row created.


1 row created.


1 row created.


1 row created.


1 row created.


1 row created.


1 row created.


1 row created.


1 row created.


1 row created.


1 row created.


1 row created.


1 row created.


1 row created.


1 row created.


1 row created.


1 row created.


1 row created.


1 row created.


1 row created.


1 row created.


1 row created.


Commit complete.


PL/SQL procedure successfully completed.


PL/SQL procedure successfully completed.


PL/SQL procedure successfully completed.


PL/SQL procedure successfully completed.


PL/SQL procedure successfully completed.


PL/SQL procedure successfully completed.


PL/SQL procedure successfully completed.


PL/SQL procedure successfully completed.


PL/SQL procedure successfully completed.


PL/SQL procedure successfully completed.


PL/SQL procedure successfully completed.


PL/SQL procedure successfully completed.


PL/SQL procedure successfully completed.


PL/SQL procedure successfully completed.


PL/SQL procedure successfully completed.


PL/SQL procedure successfully completed.


PL/SQL procedure successfully completed.


PL/SQL procedure successfully completed.


PL/SQL procedure successfully completed.


PL/SQL procedure successfully completed.


PL/SQL procedure successfully completed.


PL/SQL procedure successfully completed.


PL/SQL procedure successfully completed.


PL/SQL procedure successfully completed.


PL/SQL procedure successfully completed.


PL/SQL procedure successfully completed.


PL/SQL procedure successfully completed.


PL/SQL procedure successfully completed.


PL/SQL procedure successfully completed.


PL/SQL procedure successfully completed.


PL/SQL procedure successfully completed.


PL/SQL procedure successfully completed.


PL/SQL procedure successfully completed.


PL/SQL procedure successfully completed.


PL/SQL procedure successfully completed.


PL/SQL procedure successfully completed.


PL/SQL procedure successfully completed.


PL/SQL procedure successfully completed.


PL/SQL procedure successfully completed.


PL/SQL procedure successfully completed.


PL/SQL procedure successfully completed.


PL/SQL procedure successfully completed.


PL/SQL procedure successfully completed.


PL/SQL procedure successfully completed.


PL/SQL procedure successfully completed.


PL/SQL procedure successfully completed.


PL/SQL procedure successfully completed.


PL/SQL procedure successfully completed.


PL/SQL procedure successfully completed.


PL/SQL procedure successfully completed.


PL/SQL procedure successfully completed.


PL/SQL procedure successfully completed.


PL/SQL procedure successfully completed.


PL/SQL procedure successfully completed.


PL/SQL procedure successfully completed.


PL/SQL procedure successfully completed.


PL/SQL procedure successfully completed.


PL/SQL procedure successfully completed.

DefaultRoles

PL/SQL procedure successfully completed.

ActionAccess

PL/SQL procedure successfully completed.


PL/SQL procedure successfully completed.


PL/SQL procedure successfully completed.

Creating Programs and Jobs...
CREATE_JOBS

PL/SQL procedure successfully completed.


PL/SQL procedure successfully completed.

SYSTEM_ATTRIBUTE

0 rows deleted.


1 row created.


1 row created.


1 row created.


1 row created.


1 row created.


1 row created.


1 row created.


1 row created.


1 row created.


1 row created.


1 row created.


1 row created.


1 row created.


1 row created.


1 row created.


1 row created.


1 row created.


1 row created.


1 row created.


1 row created.


1 row created.


1 row created.


1 row created.


1 row created.


1 row created.


1 row created.


1 row created.


1 row created.


1 row created.


1 row created.


1 row created.


1 row created.


1 row created.


1 row created.


1 row created.


1 row created.


1 row created.


1 row created.


1 row created.


1 row created.


1 row created.


1 row created.


1 row created.


1 row created.


1 row created.


1 row created.


1 row created.


1 row created.


1 row created.


1 row created.


1 row created.


1 row created.


1 row created.


1 row created.


1 row created.


1 row created.


1 row created.


1 row created.


1 row created.


1 row created.


1 row created.


1 row created.


1 row created.


1 row created.


1 row created.


1 row created.


1 row created.


1 row created.


1 row created.


1 row created.


1 row created.


1 row created.


1 row created.


1 row created.


1 row created.


1 row created.


1 row created.


1 row created.


1 row created.


1 row created.


1 row created.


1 row created.


1 row created.


1 row created.


1 row created.


1 row created.


1 row created.


1 row created.


1 row created.


1 row created.


1 row created.


1 row created.


1 row created.


1 row created.


1 row created.


1 row created.


1 row created.


1 row created.


1 row created.


1 row created.


1 row created.


1 row created.


1 row created.


1 row created.


1 row created.


1 row created.


1 row created.


1 row created.


1 row created.


1 row created.


1 row created.


1 row created.


1 row created.


1 row created.


1 row created.


1 row created.


1 row created.


1 row created.


1 row created.


1 row created.


1 row created.


1 row created.


1 row created.


1 row created.


1 row created.


1 row created.


1 row created.


1 row created.


1 row created.


1 row created.


1 row created.


1 row created.


1 row created.


1 row created.


1 row created.


1 row created.


1 row created.


1 row created.


1 row created.


1 row created.


1 row created.


1 row created.


1 row created.


1 row created.


1 row created.


1 row created.


1 row created.


1 row created.


1 row created.


1 row created.


1 row created.


1 row created.


1 row created.


1 row created.


1 row created.


1 row created.


1 row created.


1 row created.


1 row created.


1 row created.


1 row created.


1 row created.


1 row created.


1 row created.


1 row created.


1 row created.


1 row created.


1 row created.


1 row created.


1 row created.


1 row created.


1 row created.


1 row created.


1 row created.


1 row created.


1 row created.


1 row created.


1 row created.


1 row created.


1 row created.


1 row created.


1 row created.


1 row created.


1 row created.


1 row created.


1 row created.


1 row created.


1 row created.


Commit complete.

SYSTEM_CONFIG

PL/SQL procedure successfully completed.


0 rows deleted.


PL/SQL procedure successfully completed.


PL/SQL procedure successfully completed.


PL/SQL procedure successfully completed.


PL/SQL procedure successfully completed.


PL/SQL procedure successfully completed.


PL/SQL procedure successfully completed.


PL/SQL procedure successfully completed.


PL/SQL procedure successfully completed.


PL/SQL procedure successfully completed.


PL/SQL procedure successfully completed.


PL/SQL procedure successfully completed.


PL/SQL procedure successfully completed.


PL/SQL procedure successfully completed.


PL/SQL procedure successfully completed.


PL/SQL procedure successfully completed.


PL/SQL procedure successfully completed.


PL/SQL procedure successfully completed.


PL/SQL procedure successfully completed.


PL/SQL procedure successfully completed.


PL/SQL procedure successfully completed.


PL/SQL procedure successfully completed.


PL/SQL procedure successfully completed.


PL/SQL procedure successfully completed.


PL/SQL procedure successfully completed.


PL/SQL procedure successfully completed.


PL/SQL procedure successfully completed.


PL/SQL procedure successfully completed.


PL/SQL procedure successfully completed.


PL/SQL procedure successfully completed.


PL/SQL procedure successfully completed.


PL/SQL procedure successfully completed.


PL/SQL procedure successfully completed.


PL/SQL procedure successfully completed.


PL/SQL procedure successfully completed.


PL/SQL procedure successfully completed.


PL/SQL procedure successfully completed.


PL/SQL procedure successfully completed.


PL/SQL procedure successfully completed.


PL/SQL procedure successfully completed.


PL/SQL procedure successfully completed.


PL/SQL procedure successfully completed.


PL/SQL procedure successfully completed.


PL/SQL procedure successfully completed.


PL/SQL procedure successfully completed.


PL/SQL procedure successfully completed.


PL/SQL procedure successfully completed.


PL/SQL procedure successfully completed.


PL/SQL procedure successfully completed.


PL/SQL procedure successfully completed.


PL/SQL procedure successfully completed.


PL/SQL procedure successfully completed.


PL/SQL procedure successfully completed.


PL/SQL procedure successfully completed.


PL/SQL procedure successfully completed.


PL/SQL procedure successfully completed.


PL/SQL procedure successfully completed.


PL/SQL procedure successfully completed.


PL/SQL procedure successfully completed.


PL/SQL procedure successfully completed.


PL/SQL procedure successfully completed.


PL/SQL procedure successfully completed.


PL/SQL procedure successfully completed.


PL/SQL procedure successfully completed.


PL/SQL procedure successfully completed.


PL/SQL procedure successfully completed.


PL/SQL procedure successfully completed.


PL/SQL procedure successfully completed.


PL/SQL procedure successfully completed.


PL/SQL procedure successfully completed.


PL/SQL procedure successfully completed.


PL/SQL procedure successfully completed.


PL/SQL procedure successfully completed.


PL/SQL procedure successfully completed.


PL/SQL procedure successfully completed.


PL/SQL procedure successfully completed.


PL/SQL procedure successfully completed.


PL/SQL procedure successfully completed.


PL/SQL procedure successfully completed.


PL/SQL procedure successfully completed.


PL/SQL procedure successfully completed.


PL/SQL procedure successfully completed.


PL/SQL procedure successfully completed.


PL/SQL procedure successfully completed.


PL/SQL procedure successfully completed.


PL/SQL procedure successfully completed.


PL/SQL procedure successfully completed.


PL/SQL procedure successfully completed.


PL/SQL procedure successfully completed.


PL/SQL procedure successfully completed.


PL/SQL procedure successfully completed.


PL/SQL procedure successfully completed.


PL/SQL procedure successfully completed.


PL/SQL procedure successfully completed.


PL/SQL procedure successfully completed.


PL/SQL procedure successfully completed.


PL/SQL procedure successfully completed.


PL/SQL procedure successfully completed.


PL/SQL procedure successfully completed.


PL/SQL procedure successfully completed.


PL/SQL procedure successfully completed.


PL/SQL procedure successfully completed.


PL/SQL procedure successfully completed.


PL/SQL procedure successfully completed.


PL/SQL procedure successfully completed.


PL/SQL procedure successfully completed.


PL/SQL procedure successfully completed.


PL/SQL procedure successfully completed.


PL/SQL procedure successfully completed.


PL/SQL procedure successfully completed.


PL/SQL procedure successfully completed.


PL/SQL procedure successfully completed.


PL/SQL procedure successfully completed.


PL/SQL procedure successfully completed.


PL/SQL procedure successfully completed.


PL/SQL procedure successfully completed.


PL/SQL procedure successfully completed.


PL/SQL procedure successfully completed.


PL/SQL procedure successfully completed.


PL/SQL procedure successfully completed.


PL/SQL procedure successfully completed.


PL/SQL procedure successfully completed.


PL/SQL procedure successfully completed.


PL/SQL procedure successfully completed.


PL/SQL procedure successfully completed.


PL/SQL procedure successfully completed.


PL/SQL procedure successfully completed.


PL/SQL procedure successfully completed.


PL/SQL procedure successfully completed.


PL/SQL procedure successfully completed.


PL/SQL procedure successfully completed.


PL/SQL procedure successfully completed.


PL/SQL procedure successfully completed.


PL/SQL procedure successfully completed.


PL/SQL procedure successfully completed.


PL/SQL procedure successfully completed.


PL/SQL procedure successfully completed.


PL/SQL procedure successfully completed.


PL/SQL procedure successfully completed.


PL/SQL procedure successfully completed.


PL/SQL procedure successfully completed.


PL/SQL procedure successfully completed.


PL/SQL procedure successfully completed.


PL/SQL procedure successfully completed.


PL/SQL procedure successfully completed.


PL/SQL procedure successfully completed.


PL/SQL procedure successfully completed.


PL/SQL procedure successfully completed.


PL/SQL procedure successfully completed.


PL/SQL procedure successfully completed.


PL/SQL procedure successfully completed.


PL/SQL procedure successfully completed.


PL/SQL procedure successfully completed.


PL/SQL procedure successfully completed.


PL/SQL procedure successfully completed.


PL/SQL procedure successfully completed.


PL/SQL procedure successfully completed.


PL/SQL procedure successfully completed.


PL/SQL procedure successfully completed.


PL/SQL procedure successfully completed.


PL/SQL procedure successfully completed.


PL/SQL procedure successfully completed.


PL/SQL procedure successfully completed.


PL/SQL procedure successfully completed.


PL/SQL procedure successfully completed.


PL/SQL procedure successfully completed.


PL/SQL procedure successfully completed.


PL/SQL procedure successfully completed.


PL/SQL procedure successfully completed.


PL/SQL procedure successfully completed.


PL/SQL procedure successfully completed.


PL/SQL procedure successfully completed.


PL/SQL procedure successfully completed.


PL/SQL procedure successfully completed.


PL/SQL procedure successfully completed.


PL/SQL procedure successfully completed.


PL/SQL procedure successfully completed.


PL/SQL procedure successfully completed.


PL/SQL procedure successfully completed.


PL/SQL procedure successfully completed.


PL/SQL procedure successfully completed.


PL/SQL procedure successfully completed.


PL/SQL procedure successfully completed.


PL/SQL procedure successfully completed.


PL/SQL procedure successfully completed.


PL/SQL procedure successfully completed.


PL/SQL procedure successfully completed.


PL/SQL procedure successfully completed.


PL/SQL procedure successfully completed.


PL/SQL procedure successfully completed.


PL/SQL procedure successfully completed.


PL/SQL procedure successfully completed.


PL/SQL procedure successfully completed.


PL/SQL procedure successfully completed.


PL/SQL procedure successfully completed.


PL/SQL procedure successfully completed.


PL/SQL procedure successfully completed.


PL/SQL procedure successfully completed.


PL/SQL procedure successfully completed.


PL/SQL procedure successfully completed.


PL/SQL procedure successfully completed.


PL/SQL procedure successfully completed.


PL/SQL procedure successfully completed.


PL/SQL procedure successfully completed.


PL/SQL procedure successfully completed.


PL/SQL procedure successfully completed.


PL/SQL procedure successfully completed.


PL/SQL procedure successfully completed.


PL/SQL procedure successfully completed.


PL/SQL procedure successfully completed.


PL/SQL procedure successfully completed.


PL/SQL procedure successfully completed.


PL/SQL procedure successfully completed.


PL/SQL procedure successfully completed.


PL/SQL procedure successfully completed.


PL/SQL procedure successfully completed.


PL/SQL procedure successfully completed.


PL/SQL procedure successfully completed.


PL/SQL procedure successfully completed.


PL/SQL procedure successfully completed.


PL/SQL procedure successfully completed.


PL/SQL procedure successfully completed.


PL/SQL procedure successfully completed.


PL/SQL procedure successfully completed.


PL/SQL procedure successfully completed.


PL/SQL procedure successfully completed.


PL/SQL procedure successfully completed.


PL/SQL procedure successfully completed.


PL/SQL procedure successfully completed.


PL/SQL procedure successfully completed.


PL/SQL procedure successfully completed.


PL/SQL procedure successfully completed.


PL/SQL procedure successfully completed.


PL/SQL procedure successfully completed.


PL/SQL procedure successfully completed.


PL/SQL procedure successfully completed.


PL/SQL procedure successfully completed.


PL/SQL procedure successfully completed.


PL/SQL procedure successfully completed.


PL/SQL procedure successfully completed.


PL/SQL procedure successfully completed.


PL/SQL procedure successfully completed.


PL/SQL procedure successfully completed.


PL/SQL procedure successfully completed.


PL/SQL procedure successfully completed.


PL/SQL procedure successfully completed.


PL/SQL procedure successfully completed.


PL/SQL procedure successfully completed.


PL/SQL procedure successfully completed.


PL/SQL procedure successfully completed.


PL/SQL procedure successfully completed.


PL/SQL procedure successfully completed.


PL/SQL procedure successfully completed.


PL/SQL procedure successfully completed.


PL/SQL procedure successfully completed.


PL/SQL procedure successfully completed.


PL/SQL procedure successfully completed.


PL/SQL procedure successfully completed.


PL/SQL procedure successfully completed.


PL/SQL procedure successfully completed.


PL/SQL procedure successfully completed.


PL/SQL procedure successfully completed.


PL/SQL procedure successfully completed.


PL/SQL procedure successfully completed.


PL/SQL procedure successfully completed.


PL/SQL procedure successfully completed.


PL/SQL procedure successfully completed.


PL/SQL procedure successfully completed.


PL/SQL procedure successfully completed.


PL/SQL procedure successfully completed.


PL/SQL procedure successfully completed.


PL/SQL procedure successfully completed.


PL/SQL procedure successfully completed.


PL/SQL procedure successfully completed.


PL/SQL procedure successfully completed.


PL/SQL procedure successfully completed.


PL/SQL procedure successfully completed.

Process completed successfully.
Configuration has been successfully imported   
and closed.                                                                     

PL/SQL procedure successfully completed.


Commit complete.

SYSTEM_OBJECT_PRIVILEGES

PL/SQL procedure successfully completed.


Commit complete.


PL/SQL procedure successfully completed.


PL/SQL procedure successfully completed.

Credit_Manager.sql

PL/SQL procedure successfully completed.


PL/SQL procedure successfully completed.


PL/SQL procedure successfully completed.


PL/SQL procedure successfully completed.


PL/SQL procedure successfully completed.


PL/SQL procedure successfully completed.


PL/SQL procedure successfully completed.


PL/SQL procedure successfully completed.


PL/SQL procedure successfully completed.


PL/SQL procedure successfully completed.


PL/SQL procedure successfully completed.


PL/SQL procedure successfully completed.


PL/SQL procedure successfully completed.


PL/SQL procedure successfully completed.


PL/SQL procedure successfully completed.


PL/SQL procedure successfully completed.


PL/SQL procedure successfully completed.


PL/SQL procedure successfully completed.


PL/SQL procedure successfully completed.


PL/SQL procedure successfully completed.


PL/SQL procedure successfully completed.


PL/SQL procedure successfully completed.


PL/SQL procedure successfully completed.


PL/SQL procedure successfully completed.


PL/SQL procedure successfully completed.


PL/SQL procedure successfully completed.


PL/SQL procedure successfully completed.


PL/SQL procedure successfully completed.


PL/SQL procedure successfully completed.


PL/SQL procedure successfully completed.


PL/SQL procedure successfully completed.


PL/SQL procedure successfully completed.


PL/SQL procedure successfully completed.


PL/SQL procedure successfully completed.


PL/SQL procedure successfully completed.


PL/SQL procedure successfully completed.


PL/SQL procedure successfully completed.


PL/SQL procedure successfully completed.


PL/SQL procedure successfully completed.


PL/SQL procedure successfully completed.


PL/SQL procedure successfully completed.


PL/SQL procedure successfully completed.


PL/SQL procedure successfully completed.


PL/SQL procedure successfully completed.


PL/SQL procedure successfully completed.


PL/SQL procedure successfully completed.


PL/SQL procedure successfully completed.


PL/SQL procedure successfully completed.


PL/SQL procedure successfully completed.


PL/SQL procedure successfully completed.


PL/SQL procedure successfully completed.


PL/SQL procedure successfully completed.


PL/SQL procedure successfully completed.


PL/SQL procedure successfully completed.


PL/SQL procedure successfully completed.


PL/SQL procedure successfully completed.


PL/SQL procedure successfully completed.


PL/SQL procedure successfully completed.


PL/SQL procedure successfully completed.


PL/SQL procedure successfully completed.


PL/SQL procedure successfully completed.


PL/SQL procedure successfully completed.


PL/SQL procedure successfully completed.


PL/SQL procedure successfully completed.


PL/SQL procedure successfully completed.


PL/SQL procedure successfully completed.


PL/SQL procedure successfully completed.


PL/SQL procedure successfully completed.


PL/SQL procedure successfully completed.


PL/SQL procedure successfully completed.


PL/SQL procedure successfully completed.


PL/SQL procedure successfully completed.


PL/SQL procedure successfully completed.


PL/SQL procedure successfully completed.


PL/SQL procedure successfully completed.


PL/SQL procedure successfully completed.


PL/SQL procedure successfully completed.


PL/SQL procedure successfully completed.


PL/SQL procedure successfully completed.


PL/SQL procedure successfully completed.


PL/SQL procedure successfully completed.


PL/SQL procedure successfully completed.


PL/SQL procedure successfully completed.


PL/SQL procedure successfully completed.


PL/SQL procedure successfully completed.


PL/SQL procedure successfully completed.


PL/SQL procedure successfully completed.


PL/SQL procedure successfully completed.


PL/SQL procedure successfully completed.


PL/SQL procedure successfully completed.


PL/SQL procedure successfully completed.


PL/SQL procedure successfully completed.


PL/SQL procedure successfully completed.


PL/SQL procedure successfully completed.


PL/SQL procedure successfully completed.


PL/SQL procedure successfully completed.


PL/SQL procedure successfully completed.


PL/SQL procedure successfully completed.


PL/SQL procedure successfully completed.


PL/SQL procedure successfully completed.


PL/SQL procedure successfully completed.


PL/SQL procedure successfully completed.


PL/SQL procedure successfully completed.


PL/SQL procedure successfully completed.


PL/SQL procedure successfully completed.


PL/SQL procedure successfully completed.


Commit complete.


PL/SQL procedure successfully completed.


PL/SQL procedure successfully completed.


PL/SQL procedure successfully completed.


PL/SQL procedure successfully completed.


PL/SQL procedure successfully completed.


PL/SQL procedure successfully completed.


0 rows deleted.


1 row created.


1 row created.


1 row created.


1 row created.


1 row created.


1 row created.


1 row created.


1 row created.


0 rows deleted.


1 row created.


1 row created.


1 row created.


1 row created.


1 row created.


1 row created.


1 row created.


1 row created.


PL/SQL procedure successfully completed.


PL/SQL procedure successfully completed.


Commit complete.


Table truncated.


1 row created.


1 row created.


1 row created.


1 row created.


PL/SQL procedure successfully completed.


PL/SQL procedure successfully completed.


PL/SQL procedure successfully completed.


PL/SQL procedure successfully completed.


PL/SQL procedure successfully completed.


PL/SQL procedure successfully completed.


PL/SQL procedure successfully completed.


PL/SQL procedure successfully completed.


PL/SQL procedure successfully completed.


PL/SQL procedure successfully completed.


PL/SQL procedure successfully completed.


PL/SQL procedure successfully completed.


PL/SQL procedure successfully completed.


PL/SQL procedure successfully completed.


PL/SQL procedure successfully completed.


PL/SQL procedure successfully completed.


PL/SQL procedure successfully completed.


PL/SQL procedure successfully completed.


PL/SQL procedure successfully completed.


PL/SQL procedure successfully completed.


PL/SQL procedure successfully completed.


PL/SQL procedure successfully completed.


PL/SQL procedure successfully completed.


PL/SQL procedure successfully completed.


PL/SQL procedure successfully completed.


PL/SQL procedure successfully completed.


PL/SQL procedure successfully completed.


PL/SQL procedure successfully completed.


PL/SQL procedure successfully completed.


PL/SQL procedure successfully completed.


PL/SQL procedure successfully completed.


PL/SQL procedure successfully completed.


0 rows deleted.


1 row created.


PL/SQL procedure successfully completed.


PL/SQL procedure successfully completed.


PL/SQL procedure successfully completed.


PL/SQL procedure successfully completed.


PL/SQL procedure successfully completed.


PL/SQL procedure successfully completed.


PL/SQL procedure successfully completed.


PL/SQL procedure successfully completed.


Commit complete.

GEOGRAPHY_US_STATES_PROVINCES

PL/SQL procedure successfully completed.

COMMON_TRANSACTION_TRAITS

PL/SQL procedure successfully completed.

CONDITIONAL_FORMATS
UPDATED FORMAT SUCCESSFULLY: COMPARE_ROW_DIFF.  FORMAT_ID=5371                  
UPDATED FORMAT ITEM SUCCESSFULLY: COMPARE_ROW_DIFF.  FORMAT_ID=5371             
UPDATED FORMAT SUCCESSFULLY: COMPARE_ROW_MISS.  FORMAT_ID=5372                  
UPDATED FORMAT ITEM SUCCESSFULLY: COMPARE_ROW_MISS.  FORMAT_ID=5372             
UPDATED FORMAT SUCCESSFULLY: COMPARE_COL_MISS.  FORMAT_ID=5373                  
UPDATED FORMAT ITEM SUCCESSFULLY: COMPARE_COL_MISS.  FORMAT_ID=5373             
UPDATED FORMAT SUCCESSFULLY: COMPARE_COL_DIFF.  FORMAT_ID=5374                  
UPDATED FORMAT ITEM SUCCESSFULLY: COMPARE_COL_DIFF.  FORMAT_ID=5374             

PL/SQL procedure successfully completed.

GRANT_EXECUTE_EXCLUSIONS

PL/SQL procedure successfully completed.


PL/SQL procedure successfully completed.


PL/SQL procedure successfully completed.


PL/SQL procedure successfully completed.


PL/SQL procedure successfully completed.


PL/SQL procedure successfully completed.


PL/SQL procedure successfully completed.


PL/SQL procedure successfully completed.


PL/SQL procedure successfully completed.


PL/SQL procedure successfully completed.


PL/SQL procedure successfully completed.


PL/SQL procedure successfully completed.


PL/SQL procedure successfully completed.


PL/SQL procedure successfully completed.


PL/SQL procedure successfully completed.


PL/SQL procedure successfully completed.


PL/SQL procedure successfully completed.


PL/SQL procedure successfully completed.


PL/SQL procedure successfully completed.


PL/SQL procedure successfully completed.


PL/SQL procedure successfully completed.


PL/SQL procedure successfully completed.


PL/SQL procedure successfully completed.


PL/SQL procedure successfully completed.


PL/SQL procedure successfully completed.


PL/SQL procedure successfully completed.


PL/SQL procedure successfully completed.


PL/SQL procedure successfully completed.


PL/SQL procedure successfully completed.


PL/SQL procedure successfully completed.


PL/SQL procedure successfully completed.


PL/SQL procedure successfully completed.


PL/SQL procedure successfully completed.


PL/SQL procedure successfully completed.


PL/SQL procedure successfully completed.


PL/SQL procedure successfully completed.


PL/SQL procedure successfully completed.


PL/SQL procedure successfully completed.


PL/SQL procedure successfully completed.

GRANT_OBJECTS

Table truncated.


1 row created.


1 row created.


1 row created.


1 row created.


1 row created.


1 row created.


1 row created.


1 row created.


1 row created.


1 row created.


1 row created.


1 row created.


1 row created.


1 row created.


1 row created.


1 row created.


1 row created.


1 row created.


1 row created.


1 row created.


1 row created.


1 row created.


1 row created.


1 row created.


1 row created.


1 row created.


1 row created.


1 row created.


1 row created.


1 row created.


1 row created.


1 row created.


1 row created.


1 row created.


1 row created.


1 row created.


1 row created.


1 row created.


1 row created.


1 row created.


1 row created.


1 row created.


1 row created.


1 row created.


1 row created.


1 row created.


1 row created.


1 row created.


1 row created.


1 row created.


1 row created.


1 row created.


1 row created.


1 row created.


1 row created.


1 row created.


1 row created.


1 row created.


1 row created.


1 row created.


1 row created.


1 row created.


1 row created.


1 row created.


1 row created.


1 row created.


1 row created.


1 row created.


1 row created.


1 row created.


1 row created.


1 row created.


1 row created.


1 row created.


1 row created.


1 row created.


1 row created.


1 row created.


1 row created.


1 row created.


1 row created.


1 row created.


1 row created.


1 row created.


1 row created.


1 row created.


1 row created.


1 row created.


1 row created.


1 row created.


1 row created.


1 row created.


1 row created.


1 row created.


1 row created.


1 row created.


1 row created.


1 row created.


1 row created.


1 row created.


1 row created.


1 row created.


1 row created.


1 row created.


1 row created.


1 row created.


1 row created.


1 row created.


1 row created.


1 row created.


1 row created.


1 row created.


1 row created.


1 row created.


1 row created.


1 row created.


1 row created.


1 row created.


1 row created.


1 row created.


1 row created.


1 row created.


1 row created.


1 row created.


1 row created.


1 row created.


1 row created.


1 row created.


1 row created.


1 row created.


1 row created.


1 row created.


1 row created.


1 row created.


1 row created.


1 row created.


1 row created.


1 row created.


1 row created.


1 row created.


1 row created.


1 row created.


1 row created.


1 row created.


1 row created.


1 row created.


1 row created.


1 row created.


1 row created.


1 row created.


1 row created.


1 row created.


1 row created.


1 row created.


1 row created.


1 row created.


1 row created.


1 row created.


1 row created.


1 row created.


1 row created.


1 row created.


1 row created.


1 row created.


1 row created.


1 row created.


1 row created.


1 row created.


1 row created.


1 row created.


1 row created.


1 row created.


1 row created.


1 row created.


1 row created.


1 row created.


1 row created.


1 row created.


1 row created.


1 row created.


1 row created.


1 row created.


1 row created.


1 row created.


1 row created.


1 row created.


1 row created.


1 row created.


1 row created.


1 row created.


1 row created.


1 row created.


1 row created.


1 row created.


1 row created.


1 row created.


1 row created.


1 row created.


1 row created.


1 row created.


1 row created.


1 row created.


1 row created.


1 row created.


1 row created.


1 row created.


1 row created.


1 row created.


1 row created.


1 row created.


1 row created.


1 row created.


1 row created.


1 row created.


1 row created.


1 row created.


1 row created.


1 row created.


1 row created.


1 row created.


1 row created.


1 row created.


1 row created.


1 row created.


1 row created.


1 row created.


1 row created.


1 row created.


1 row created.


1 row created.


1 row created.


1 row created.


1 row created.


1 row created.


1 row created.


1 row created.


1 row created.


1 row created.


1 row created.


1 row created.


1 row created.


1 row created.


1 row created.


1 row created.


1 row created.


1 row created.


1 row created.


1 row created.


1 row created.


1 row created.


1 row created.


1 row created.


1 row created.


1 row created.


1 row created.


1 row created.


1 row created.


1 row created.


1 row created.


1 row created.


1 row created.


1 row created.


1 row created.


1 row created.


1 row created.


1 row created.


1 row created.


1 row created.


1 row created.


1 row created.


1 row created.


1 row created.


1 row created.


1 row created.


1 row created.


1 row created.


1 row created.


1 row created.


1 row created.


1 row created.


1 row created.


1 row created.


1 row created.


1 row created.


1 row created.


1 row created.


1 row created.


1 row created.


1 row created.


1 row created.


1 row created.


1 row created.


1 row created.


1 row created.


1 row created.


1 row created.


1 row created.


1 row created.


1 row created.


1 row created.


1 row created.


1 row created.


1 row created.


1 row created.


1 row created.


1 row created.


1 row created.


1 row created.


1 row created.


1 row created.


1 row created.


1 row created.


1 row created.


1 row created.


1 row created.


1 row created.


1 row created.


1 row created.


1 row created.


1 row created.


1 row created.


1 row created.


1 row created.


1 row created.


1 row created.


1 row created.


1 row created.


1 row created.


1 row created.


1 row created.


1 row created.


1 row created.


1 row created.


1 row created.


1 row created.


1 row created.


1 row created.


1 row created.


1 row created.


1 row created.


1 row created.


1 row created.


1 row created.


1 row created.


1 row created.


1 row created.


1 row created.


1 row created.


1 row created.


1 row created.


1 row created.


1 row created.


1 row created.


1 row created.


1 row created.


1 row created.


1 row created.


1 row created.


1 row created.


1 row created.


1 row created.


1 row created.


1 row created.


1 row created.


1 row created.


1 row created.


1 row created.


1 row created.


1 row created.


1 row created.


1 row created.


1 row created.


1 row created.


1 row created.


1 row created.


1 row created.


1 row created.


1 row created.


1 row created.


1 row created.


1 row created.


1 row created.


1 row created.


1 row created.


1 row created.


1 row created.


1 row created.


1 row created.


1 row created.


1 row created.


1 row created.


1 row created.


1 row created.


1 row created.


1 row created.


1 row created.


1 row created.


1 row created.


1 row created.


1 row created.


1 row created.


1 row created.


1 row created.


1 row created.


1 row created.


1 row created.


1 row created.


1 row created.


1 row created.


1 row created.


1 row created.


1 row created.


1 row created.


1 row created.


1 row created.


1 row created.


1 row created.


1 row created.


1 row created.


1 row created.


1 row created.


1 row created.


1 row created.


1 row created.


1 row created.


1 row created.


1 row created.


1 row created.


1 row created.


1 row created.


1 row created.


1 row created.


1 row created.


1 row created.


1 row created.


1 row created.


1 row created.


1 row created.


1 row created.


1 row created.


1 row created.


1 row created.


1 row created.


1 row created.


1 row created.


1 row created.


1 row created.


1 row created.


1 row created.


1 row created.


1 row created.


1 row created.


1 row created.


1 row created.


1 row created.


1 row created.


1 row created.


1 row created.


1 row created.


1 row created.


1 row created.


1 row created.


1 row created.


1 row created.


1 row created.


1 row created.


1 row created.


1 row created.


1 row created.


1 row created.


1 row created.


1 row created.


1 row created.


1 row created.


1 row created.


1 row created.


1 row created.


1 row created.


1 row created.


Commit complete.


PL/SQL procedure successfully completed.

REACTOR_SETUP

PL/SQL procedure successfully completed.


PL/SQL procedure successfully completed.


PL/SQL procedure successfully completed.


PL/SQL procedure successfully completed.


Commit complete.


0 rows deleted.


0 rows deleted.


0 rows deleted.


0 rows deleted.


1 row created.


1 row created.


1 row created.


1 row created.


1 row created.


1 row created.


1 row created.


1 row created.


1 row created.


1 row created.


1 row created.


1 row created.


1 row created.


1 row created.


1 row created.


1 row created.


1 row created.


1 row created.


1 row created.


1 row created.


1 row created.


1 row created.


1 row created.


1 row created.


1 row created.


1 row created.


1 row created.


1 row created.


1 row created.


1 row created.


1 row created.


1 row created.


1 row created.


1 row created.


1 row created.


1 row created.


1 row created.


1 row created.


1 row created.


1 row created.


1 row created.


1 row created.


1 row created.


1 row created.


1 row created.


1 row created.


1 row created.


1 row created.


1 row created.


1 row created.


1 row created.


1 row created.


1 row created.


1 row created.


1 row created.


1 row created.


1 row created.


1 row created.


1 row created.


1 row created.


1 row created.


1 row created.


1 row created.


1 row created.


1 row created.


1 row created.


1 row created.


1 row created.


1 row created.


1 row created.


1 row created.


1 row created.


1 row created.


1 row created.


1 row created.


1 row created.


1 row created.


1 row created.


1 row created.


1 row created.


1 row created.


1 row created.


1 row created.


1 row created.


1 row created.


1 row created.


1 row created.


1 row created.


1 row created.


1 row created.


1 row created.


1 row created.


1 row created.


1 row created.


1 row created.


1 row created.


1 row created.


1 row created.


1 row created.


1 row created.


1 row created.


1 row created.


1 row created.


1 row created.


1 row created.


1 row created.


1 row created.


1 row created.


1 row created.


1 row created.


1 row created.


1 row created.


1 row created.


1 row created.


1 row created.


1 row created.


1 row created.


1 row created.


1 row created.


1 row created.


1 row created.


1 row created.


1 row created.


1 row created.


1 row created.


1 row created.


1 row created.


1 row created.


1 row created.


1 row created.


1 row created.


1 row created.


1 row created.


1 row created.


1 row created.


1 row created.


1 row created.


1 row created.


1 row created.


1 row created.


1 row created.


1 row created.


1 row created.


1 row created.


1 row created.


1 row created.


1 row created.


1 row created.


1 row created.


1 row created.


1 row created.


1 row created.


1 row created.


1 row created.


1 row created.


1 row created.


1 row created.


1 row created.


1 row created.


1 row created.


1 row created.


1 row created.


1 row created.


1 row created.


1 row created.


1 row created.


1 row created.


1 row created.


1 row created.


1 row created.


1 row created.


1 row created.


1 row created.


1 row created.


1 row created.


1 row created.


1 row created.


1 row created.


1 row created.


1 row created.


1 row created.


1 row created.


1 row created.


1 row created.


1 row created.


1 row created.


1 row created.


1 row created.


1 row created.


1 row created.


1 row created.


1 row created.


1 row created.


1 row created.


1 row created.


1 row created.


1 row created.


1 row created.


1 row created.


1 row created.


1 row created.


1 row created.


1 row created.


1 row created.


1 row created.


1 row created.


1 row created.


1 row created.


1 row created.


1 row created.


1 row created.


1 row created.


1 row created.


1 row created.


1 row created.


1 row created.


1 row created.


1 row created.


1 row created.


1 row created.


1 row created.


1 row created.


1 row created.


1 row created.


1 row created.


1 row created.


1 row created.


1 row created.


1 row created.


1 row created.


1 row created.


1 row created.


1 row created.


1 row created.


1 row created.


1 row created.


1 row created.


1 row created.


1 row created.


1 row created.


1 row created.


1 row created.


1 row created.


1 row created.


1 row created.


1 row created.


1 row created.


1 row created.


1 row created.


1 row created.


1 row created.


1 row created.


1 row created.


1 row created.


1 row created.


1 row created.


1 row created.


1 row created.


1 row created.


1 row created.


1 row created.


1 row created.


1 row created.


1 row created.


1 row created.


1 row created.


1 row created.


1 row created.


1 row created.


1 row created.


1 row created.


1 row created.


1 row created.


1 row created.


1 row created.


1 row created.


1 row created.


1 row created.


1 row created.


1 row created.


1 row created.


1 row created.


1 row created.


1 row created.


1 row created.


1 row created.


1 row created.


1 row created.


1 row created.


1 row created.


1 row created.


1 row created.


1 row created.


1 row created.


1 row created.


1 row created.


1 row created.


1 row created.


1 row created.


1 row created.


1 row created.


1 row created.


1 row created.


1 row created.


1 row created.


1 row created.


1 row created.


1 row created.


1 row created.


1 row created.


1 row created.


1 row created.


1 row created.


1 row created.


1 row created.


1 row created.


1 row created.


1 row created.


1 row created.


1 row created.


1 row created.


1 row created.


1 row created.


1 row created.


1 row created.


1 row created.


1 row created.


1 row created.


1 row created.


1 row created.


1 row created.


1 row created.


1 row created.


1 row created.


1 row created.


1 row created.


1 row created.


1 row created.


1 row created.


1 row created.


1 row created.


1 row created.


1 row created.


1 row created.


1 row created.


1 row created.


1 row created.


1 row created.


1 row created.


1 row created.


1 row created.


1 row created.


1 row created.


1 row created.


1 row created.


1 row created.


1 row created.


1 row created.


1 row created.


1 row created.


1 row created.


1 row created.


1 row created.


1 row created.


1 row created.


1 row created.


1 row created.


1 row created.


1 row created.


1 row created.


1 row created.


1 row created.


1 row created.


1 row created.


1 row created.


1 row created.


1 row created.


1 row created.


Commit complete.


PL/SQL procedure successfully completed.

